2026-05-04T11:05:28.310+02:00  INFO 15280 --- [main] c.s.a.c.CommunityEmailControllerTest     : Starting CommunityEmailControllerTest using Java 17.0.18 with PID 15280 (started by rebek in c:\Users\rebek\SafetyNet\SafetyNet.alerts)
2026-05-04T11:05:28.337+02:00  INFO 15280 --- [main] c.s.a.c.CommunityEmailControllerTest     : No active profile set, falling back to 1 default profile: "default"
2026-05-04T11:05:31.166+02:00  INFO 15280 --- [main] o.s.b.t.m.w.SpringBootMockServletContext : Initializing Spring TestDispatcherServlet ''
2026-05-04T11:05:31.166+02:00  INFO 15280 --- [main] o.s.t.web.servlet.TestDispatcherServlet  : Initializing Servlet ''
2026-05-04T11:05:31.168+02:00  INFO 15280 --- [main] o.s.t.web.servlet.TestDispatcherServlet  : Completed initialization in 1 ms
2026-05-04T11:05:31.218+02:00  INFO 15280 --- [main] c.s.a.c.CommunityEmailControllerTest     : Started CommunityEmailControllerTest in 3.661 seconds (process running for 6.185)
2026-05-04T11:05:31.696+02:00  INFO 15280 --- [main] t.c.s.AnnotationConfigContextLoaderUtils : Could not detect default configuration classes for test class [com.safetynet.alerts.controller.FirestationControllerTest]: FirestationControllerTest does not declare any static, non-private, non-final, nested classes annotated with @Configuration.
2026-05-04T11:05:31.733+02:00  INFO 15280 --- [main] .b.t.c.SpringBootTestContextBootstrapper : Found @SpringBootConfiguration com.safetynet.alerts.SafetynetAlertsApplication for test class com.safetynet.alerts.controller.FirestationControllerTest
2026-05-04T11:05:31.744+02:00  INFO 15280 --- [main] o.s.b.d.r.RestartApplicationListener     : Restart disabled due to context in which it is running
2026-05-04T11:05:31.779+02:00  INFO 15280 --- [main] c.s.a.c.FirestationControllerTest        : Starting FirestationControllerTest using Java 17.0.18 with PID 15280 (started by rebek in c:\Users\rebek\SafetyNet\SafetyNet.alerts)
2026-05-04T11:05:31.780+02:00  INFO 15280 --- [main] c.s.a.c.FirestationControllerTest        : No active profile set, falling back to 1 default profile: "default"
2026-05-04T11:05:32.007+02:00  INFO 15280 --- [main] o.s.b.t.m.w.SpringBootMockServletContext : Initializing Spring TestDispatcherServlet ''
2026-05-04T11:05:32.007+02:00  INFO 15280 --- [main] o.s.t.web.servlet.TestDispatcherServlet  : Initializing Servlet ''
2026-05-04T11:05:32.008+02:00  INFO 15280 --- [main] o.s.t.web.servlet.TestDispatcherServlet  : Completed initialization in 1 ms
2026-05-04T11:05:32.014+02:00  INFO 15280 --- [main] c.s.a.c.FirestationControllerTest        : Started FirestationControllerTest in 0.272 seconds (process running for 6.981)
2026-05-04T11:05:32.064+02:00  INFO 15280 --- [main] t.c.s.AnnotationConfigContextLoaderUtils : Could not detect default configuration classes for test class [com.safetynet.alerts.SafetynetAlertsApplicationTests]: SafetynetAlertsApplicationTests does not declare any static, non-private, non-final, nested classes annotated with @Configuration.
2026-05-04T11:05:32.077+02:00  INFO 15280 --- [main] .b.t.c.SpringBootTestContextBootstrapper : Found @SpringBootConfiguration com.safetynet.alerts.SafetynetAlertsApplication for test class com.safetynet.alerts.SafetynetAlertsApplicationTests
2026-05-04T11:05:32.087+02:00  INFO 15280 --- [main] o.s.b.d.r.RestartApplicationListener     : Restart disabled due to context in which it is running
2026-05-04T11:05:32.112+02:00  INFO 15280 --- [main] c.s.a.SafetynetAlertsApplicationTests    : Starting SafetynetAlertsApplicationTests using Java 17.0.18 with PID 15280 (started by rebek in c:\Users\rebek\SafetyNet\SafetyNet.alerts)
2026-05-04T11:05:32.112+02:00  INFO 15280 --- [main] c.s.a.SafetynetAlertsApplicationTests    : No active profile set, falling back to 1 default profile: "default"
2026-05-04T11:05:32.516+02:00  INFO 15280 --- [main] c.s.alerts.repository.DataLoader         : Data loaded successfully
2026-05-04T11:05:32.516+02:00  INFO 15280 --- [main] c.s.alerts.repository.DataLoader         : Persons: 23
2026-05-04T11:05:32.519+02:00  INFO 15280 --- [main] c.s.alerts.repository.DataLoader         : Firestations: 13
2026-05-04T11:05:32.519+02:00  INFO 15280 --- [main] c.s.alerts.repository.DataLoader         : Medical records: 23
2026-05-04T11:05:32.741+02:00  INFO 15280 --- [main] c.s.a.SafetynetAlertsApplicationTests    : Started SafetynetAlertsApplicationTests in 0.653 seconds (process running for 7.708)
2026-05-04T11:05:32.960+02:00  INFO 15280 --- [main] c.safetynet.alerts.service.FireService   : Fetching residents for address: 1509 Culver St
2026-05-04T11:05:32.966+02:00  INFO 15280 --- [main] c.safetynet.alerts.service.FireService   : Found 1 resident(s) for address 1509 Culver St covered by station 3
2026-05-04T11:05:32.972+02:00  INFO 15280 --- [main] c.safetynet.alerts.service.FireService   : Fetching residents for address: 1509 Culver St
2026-05-04T11:05:32.973+02:00  INFO 15280 --- [main] c.safetynet.alerts.service.FireService   : Found 1 resident(s) for address 1509 Culver St covered by station 3
2026-05-04T11:05:32.980+02:00  INFO 15280 --- [main] c.safetynet.alerts.service.FireService   : Fetching residents for address: 1509 Culver St
2026-05-04T11:05:32.981+02:00  INFO 15280 --- [main] c.safetynet.alerts.service.FireService   : Found 0 resident(s) for address 1509 Culver St covered by station 0
2026-05-04T11:05:33.068+02:00  INFO 15280 --- [main] c.s.alerts.service.PersonCrudService     : Deleting person: Jane Doe
2026-05-04T11:05:33.070+02:00  INFO 15280 --- [main] c.s.alerts.service.PersonCrudService     : Person deleted successfully: Jane Doe
2026-05-04T11:05:33.076+02:00  INFO 15280 --- [main] c.s.alerts.service.PersonCrudService     : Updating person: Jane Doe
2026-05-04T11:05:33.077+02:00  WARN 15280 --- [main] c.s.alerts.service.PersonCrudService     : Person not found for update: Jane Doe
2026-05-04T11:05:33.080+02:00  INFO 15280 --- [main] c.s.alerts.service.PersonCrudService     : Adding person: Jane Doe
2026-05-04T11:05:33.084+02:00  INFO 15280 --- [main] c.s.alerts.service.PersonCrudService     : Updating person: John Doe
2026-05-04T11:05:33.084+02:00  INFO 15280 --- [main] c.s.alerts.service.PersonCrudService     : Person updated successfully: John Doe
2026-05-04T11:05:33.088+02:00  INFO 15280 --- [main] c.s.alerts.service.PersonCrudService     : Deleting person: Jane Doe
2026-05-04T11:05:33.088+02:00  WARN 15280 --- [main] c.s.alerts.service.PersonCrudService     : Person not found for deletion: Jane Doe
2026-05-04T11:05:48.540+02:00  INFO 12344 --- [main] c.s.a.c.CommunityEmailControllerTest     : Starting CommunityEmailControllerTest using Java 17.0.18 with PID 12344 (started by rebek in c:\Users\rebek\SafetyNet\SafetyNet.alerts)
2026-05-04T11:05:48.542+02:00  INFO 12344 --- [main] c.s.a.c.CommunityEmailControllerTest     : No active profile set, falling back to 1 default profile: "default"
2026-05-04T11:05:51.129+02:00  INFO 12344 --- [main] o.s.b.t.m.w.SpringBootMockServletContext : Initializing Spring TestDispatcherServlet ''
2026-05-04T11:05:51.129+02:00  INFO 12344 --- [main] o.s.t.web.servlet.TestDispatcherServlet  : Initializing Servlet ''
2026-05-04T11:05:51.131+02:00  INFO 12344 --- [main] o.s.t.web.servlet.TestDispatcherServlet  : Completed initialization in 1 ms
2026-05-04T11:05:51.177+02:00  INFO 12344 --- [main] c.s.a.c.CommunityEmailControllerTest     : Started CommunityEmailControllerTest in 3.422 seconds (process running for 5.301)
2026-05-04T11:05:51.653+02:00  INFO 12344 --- [main] t.c.s.AnnotationConfigContextLoaderUtils : Could not detect default configuration classes for test class [com.safetynet.alerts.controller.FirestationControllerTest]: FirestationControllerTest does not declare any static, non-private, non-final, nested classes annotated with @Configuration.
2026-05-04T11:05:51.671+02:00  INFO 12344 --- [main] .b.t.c.SpringBootTestContextBootstrapper : Found @SpringBootConfiguration com.safetynet.alerts.SafetynetAlertsApplication for test class com.safetynet.alerts.controller.FirestationControllerTest
2026-05-04T11:05:51.678+02:00  INFO 12344 --- [main] o.s.b.d.r.RestartApplicationListener     : Restart disabled due to context in which it is running
2026-05-04T11:05:51.726+02:00  INFO 12344 --- [main] c.s.a.c.FirestationControllerTest        : Starting FirestationControllerTest using Java 17.0.18 with PID 12344 (started by rebek in c:\Users\rebek\SafetyNet\SafetyNet.alerts)
2026-05-04T11:05:51.727+02:00  INFO 12344 --- [main] c.s.a.c.FirestationControllerTest        : No active profile set, falling back to 1 default profile: "default"
2026-05-04T11:05:51.977+02:00  INFO 12344 --- [main] o.s.b.t.m.w.SpringBootMockServletContext : Initializing Spring TestDispatcherServlet ''
2026-05-04T11:05:51.977+02:00  INFO 12344 --- [main] o.s.t.web.servlet.TestDispatcherServlet  : Initializing Servlet ''
2026-05-04T11:05:51.978+02:00  INFO 12344 --- [main] o.s.t.web.servlet.TestDispatcherServlet  : Completed initialization in 1 ms
2026-05-04T11:05:51.984+02:00  INFO 12344 --- [main] c.s.a.c.FirestationControllerTest        : Started FirestationControllerTest in 0.306 seconds (process running for 6.109)
2026-05-04T11:05:52.044+02:00  INFO 12344 --- [main] t.c.s.AnnotationConfigContextLoaderUtils : Could not detect default configuration classes for test class [com.safetynet.alerts.SafetynetAlertsApplicationTests]: SafetynetAlertsApplicationTests does not declare any static, non-private, non-final, nested classes annotated with @Configuration.
2026-05-04T11:05:52.062+02:00  INFO 12344 --- [main] .b.t.c.SpringBootTestContextBootstrapper : Found @SpringBootConfiguration com.safetynet.alerts.SafetynetAlertsApplication for test class com.safetynet.alerts.SafetynetAlertsApplicationTests
2026-05-04T11:05:52.073+02:00  INFO 12344 --- [main] o.s.b.d.r.RestartApplicationListener     : Restart disabled due to context in which it is running
2026-05-04T11:05:52.097+02:00  INFO 12344 --- [main] c.s.a.SafetynetAlertsApplicationTests    : Starting SafetynetAlertsApplicationTests using Java 17.0.18 with PID 12344 (started by rebek in c:\Users\rebek\SafetyNet\SafetyNet.alerts)
2026-05-04T11:05:52.098+02:00  INFO 12344 --- [main] c.s.a.SafetynetAlertsApplicationTests    : No active profile set, falling back to 1 default profile: "default"
2026-05-04T11:05:52.507+02:00  INFO 12344 --- [main] c.s.alerts.repository.DataLoader         : Data loaded successfully
2026-05-04T11:05:52.507+02:00  INFO 12344 --- [main] c.s.alerts.repository.DataLoader         : Persons: 23
2026-05-04T11:05:52.510+02:00  INFO 12344 --- [main] c.s.alerts.repository.DataLoader         : Firestations: 13
2026-05-04T11:05:52.510+02:00  INFO 12344 --- [main] c.s.alerts.repository.DataLoader         : Medical records: 23
2026-05-04T11:05:52.747+02:00  INFO 12344 --- [main] c.s.a.SafetynetAlertsApplicationTests    : Started SafetynetAlertsApplicationTests in 0.675 seconds (process running for 6.872)
2026-05-04T11:05:52.954+02:00  INFO 12344 --- [main] c.safetynet.alerts.service.FireService   : Fetching residents for address: 1509 Culver St
2026-05-04T11:05:52.960+02:00  INFO 12344 --- [main] c.safetynet.alerts.service.FireService   : Found 1 resident(s) for address 1509 Culver St covered by station 3
2026-05-04T11:05:52.965+02:00  INFO 12344 --- [main] c.safetynet.alerts.service.FireService   : Fetching residents for address: 1509 Culver St
2026-05-04T11:05:52.965+02:00  INFO 12344 --- [main] c.safetynet.alerts.service.FireService   : Found 1 resident(s) for address 1509 Culver St covered by station 3
2026-05-04T11:05:52.969+02:00  INFO 12344 --- [main] c.safetynet.alerts.service.FireService   : Fetching residents for address: 1509 Culver St
2026-05-04T11:05:52.970+02:00  INFO 12344 --- [main] c.safetynet.alerts.service.FireService   : Found 0 resident(s) for address 1509 Culver St covered by station 0
2026-05-04T11:05:53.054+02:00  INFO 12344 --- [main] c.s.alerts.service.PersonCrudService     : Deleting person: Jane Doe
2026-05-04T11:05:53.056+02:00  INFO 12344 --- [main] c.s.alerts.service.PersonCrudService     : Person deleted successfully: Jane Doe
2026-05-04T11:05:53.060+02:00  INFO 12344 --- [main] c.s.alerts.service.PersonCrudService     : Updating person: Jane Doe
2026-05-04T11:05:53.061+02:00  WARN 12344 --- [main] c.s.alerts.service.PersonCrudService     : Person not found for update: Jane Doe
2026-05-04T11:05:53.065+02:00  INFO 12344 --- [main] c.s.alerts.service.PersonCrudService     : Adding person: Jane Doe
2026-05-04T11:05:53.068+02:00  INFO 12344 --- [main] c.s.alerts.service.PersonCrudService     : Updating person: John Doe
2026-05-04T11:05:53.068+02:00  INFO 12344 --- [main] c.s.alerts.service.PersonCrudService     : Person updated successfully: John Doe
2026-05-04T11:05:53.073+02:00  INFO 12344 --- [main] c.s.alerts.service.PersonCrudService     : Deleting person: Jane Doe
2026-05-04T11:05:53.075+02:00  WARN 12344 --- [main] c.s.alerts.service.PersonCrudService     : Person not found for deletion: Jane Doe
2026-05-04T11:39:30.475+02:00  INFO 24292 --- [main] c.s.a.c.CommunityEmailControllerTest     : Starting CommunityEmailControllerTest using Java 17.0.18 with PID 24292 (started by rebek in c:\Users\rebek\SafetyNet\SafetyNet.alerts)
2026-05-04T11:39:30.480+02:00  INFO 24292 --- [main] c.s.a.c.CommunityEmailControllerTest     : No active profile set, falling back to 1 default profile: "default"
2026-05-04T11:39:33.324+02:00  INFO 24292 --- [main] o.s.b.t.m.w.SpringBootMockServletContext : Initializing Spring TestDispatcherServlet ''
2026-05-04T11:39:33.325+02:00  INFO 24292 --- [main] o.s.t.web.servlet.TestDispatcherServlet  : Initializing Servlet ''
2026-05-04T11:39:33.327+02:00  INFO 24292 --- [main] o.s.t.web.servlet.TestDispatcherServlet  : Completed initialization in 1 ms
2026-05-04T11:39:33.388+02:00  INFO 24292 --- [main] c.s.a.c.CommunityEmailControllerTest     : Started CommunityEmailControllerTest in 3.73 seconds (process running for 6.269)
2026-05-04T11:39:33.955+02:00  INFO 24292 --- [main] t.c.s.AnnotationConfigContextLoaderUtils : Could not detect default configuration classes for test class [com.safetynet.alerts.controller.FirestationControllerTest]: FirestationControllerTest does not declare any static, non-private, non-final, nested classes annotated with @Configuration.
2026-05-04T11:39:33.971+02:00  INFO 24292 --- [main] .b.t.c.SpringBootTestContextBootstrapper : Found @SpringBootConfiguration com.safetynet.alerts.SafetynetAlertsApplication for test class com.safetynet.alerts.controller.FirestationControllerTest
2026-05-04T11:39:33.982+02:00  INFO 24292 --- [main] o.s.b.d.r.RestartApplicationListener     : Restart disabled due to context in which it is running
2026-05-04T11:39:34.052+02:00  INFO 24292 --- [main] c.s.a.c.FirestationControllerTest        : Starting FirestationControllerTest using Java 17.0.18 with PID 24292 (started by rebek in c:\Users\rebek\SafetyNet\SafetyNet.alerts)
2026-05-04T11:39:34.055+02:00  INFO 24292 --- [main] c.s.a.c.FirestationControllerTest        : No active profile set, falling back to 1 default profile: "default"
2026-05-04T11:39:34.346+02:00  INFO 24292 --- [main] o.s.b.t.m.w.SpringBootMockServletContext : Initializing Spring TestDispatcherServlet ''
2026-05-04T11:39:34.346+02:00  INFO 24292 --- [main] o.s.t.web.servlet.TestDispatcherServlet  : Initializing Servlet ''
2026-05-04T11:39:34.347+02:00  INFO 24292 --- [main] o.s.t.web.servlet.TestDispatcherServlet  : Completed initialization in 0 ms
2026-05-04T11:39:34.354+02:00  INFO 24292 --- [main] c.s.a.c.FirestationControllerTest        : Started FirestationControllerTest in 0.375 seconds (process running for 7.236)
2026-05-04T11:39:34.419+02:00  INFO 24292 --- [main] t.c.s.AnnotationConfigContextLoaderUtils : Could not detect default configuration classes for test class [com.safetynet.alerts.SafetynetAlertsApplicationTests]: SafetynetAlertsApplicationTests does not declare any static, non-private, non-final, nested classes annotated with @Configuration.
2026-05-04T11:39:34.427+02:00  INFO 24292 --- [main] .b.t.c.SpringBootTestContextBootstrapper : Found @SpringBootConfiguration com.safetynet.alerts.SafetynetAlertsApplication for test class com.safetynet.alerts.SafetynetAlertsApplicationTests
2026-05-04T11:39:34.439+02:00  INFO 24292 --- [main] o.s.b.d.r.RestartApplicationListener     : Restart disabled due to context in which it is running
2026-05-04T11:39:34.464+02:00  INFO 24292 --- [main] c.s.a.SafetynetAlertsApplicationTests    : Starting SafetynetAlertsApplicationTests using Java 17.0.18 with PID 24292 (started by rebek in c:\Users\rebek\SafetyNet\SafetyNet.alerts)
2026-05-04T11:39:34.464+02:00  INFO 24292 --- [main] c.s.a.SafetynetAlertsApplicationTests    : No active profile set, falling back to 1 default profile: "default"
2026-05-04T11:39:35.005+02:00  INFO 24292 --- [main] c.s.alerts.repository.DataLoader         : Data loaded successfully
2026-05-04T11:39:35.006+02:00  INFO 24292 --- [main] c.s.alerts.repository.DataLoader         : Persons: 23
2026-05-04T11:39:35.010+02:00  INFO 24292 --- [main] c.s.alerts.repository.DataLoader         : Firestations: 13
2026-05-04T11:39:35.010+02:00  INFO 24292 --- [main] c.s.alerts.repository.DataLoader         : Medical records: 23
2026-05-04T11:39:35.276+02:00  INFO 24292 --- [main] c.s.a.SafetynetAlertsApplicationTests    : Started SafetynetAlertsApplicationTests in 0.838 seconds (process running for 8.157)
2026-05-04T11:39:35.504+02:00  INFO 24292 --- [main] c.safetynet.alerts.service.FireService   : Fetching residents for address: 1509 Culver St
2026-05-04T11:39:35.509+02:00  INFO 24292 --- [main] c.safetynet.alerts.service.FireService   : Found 1 resident(s) for address 1509 Culver St covered by station 3
2026-05-04T11:39:35.516+02:00  INFO 24292 --- [main] c.safetynet.alerts.service.FireService   : Fetching residents for address: 1509 Culver St
2026-05-04T11:39:35.517+02:00  INFO 24292 --- [main] c.safetynet.alerts.service.FireService   : Found 1 resident(s) for address 1509 Culver St covered by station 3
2026-05-04T11:39:35.525+02:00  INFO 24292 --- [main] c.safetynet.alerts.service.FireService   : Fetching residents for address: 1509 Culver St
2026-05-04T11:39:35.526+02:00  INFO 24292 --- [main] c.safetynet.alerts.service.FireService   : Found 0 resident(s) for address 1509 Culver St covered by station 0
2026-05-04T11:39:35.616+02:00  INFO 24292 --- [main] c.s.alerts.service.PersonCrudService     : Deleting person: Jane Doe
2026-05-04T11:39:35.617+02:00  INFO 24292 --- [main] c.s.alerts.service.PersonCrudService     : Person deleted successfully: Jane Doe
2026-05-04T11:39:35.622+02:00  INFO 24292 --- [main] c.s.alerts.service.PersonCrudService     : Updating person: Jane Doe
2026-05-04T11:39:35.622+02:00  WARN 24292 --- [main] c.s.alerts.service.PersonCrudService     : Person not found for update: Jane Doe
2026-05-04T11:39:35.627+02:00  INFO 24292 --- [main] c.s.alerts.service.PersonCrudService     : Adding person: Jane Doe
2026-05-04T11:39:35.630+02:00  INFO 24292 --- [main] c.s.alerts.service.PersonCrudService     : Updating person: John Doe
2026-05-04T11:39:35.630+02:00  INFO 24292 --- [main] c.s.alerts.service.PersonCrudService     : Person updated successfully: John Doe
2026-05-04T11:39:35.635+02:00  INFO 24292 --- [main] c.s.alerts.service.PersonCrudService     : Deleting person: Jane Doe
2026-05-04T11:39:35.635+02:00  WARN 24292 --- [main] c.s.alerts.service.PersonCrudService     : Person not found for deletion: Jane Doe
2026-05-04T11:39:59.002+02:00  INFO 19920 --- [main] c.s.a.c.CommunityEmailControllerTest     : Starting CommunityEmailControllerTest using Java 17.0.18 with PID 19920 (started by rebek in c:\Users\rebek\SafetyNet\SafetyNet.alerts)
2026-05-04T11:39:59.007+02:00  INFO 19920 --- [main] c.s.a.c.CommunityEmailControllerTest     : No active profile set, falling back to 1 default profile: "default"
2026-05-04T11:40:02.185+02:00  INFO 19920 --- [main] o.s.b.t.m.w.SpringBootMockServletContext : Initializing Spring TestDispatcherServlet ''
2026-05-04T11:40:02.185+02:00  INFO 19920 --- [main] o.s.t.web.servlet.TestDispatcherServlet  : Initializing Servlet ''
2026-05-04T11:40:02.187+02:00  INFO 19920 --- [main] o.s.t.web.servlet.TestDispatcherServlet  : Completed initialization in 1 ms
2026-05-04T11:40:02.241+02:00  INFO 19920 --- [main] c.s.a.c.CommunityEmailControllerTest     : Started CommunityEmailControllerTest in 4.07 seconds (process running for 6.231)
2026-05-04T11:40:02.740+02:00  INFO 19920 --- [main] t.c.s.AnnotationConfigContextLoaderUtils : Could not detect default configuration classes for test class [com.safetynet.alerts.controller.FirestationControllerTest]: FirestationControllerTest does not declare any static, non-private, non-final, nested classes annotated with @Configuration.
2026-05-04T11:40:02.757+02:00  INFO 19920 --- [main] .b.t.c.SpringBootTestContextBootstrapper : Found @SpringBootConfiguration com.safetynet.alerts.SafetynetAlertsApplication for test class com.safetynet.alerts.controller.FirestationControllerTest
2026-05-04T11:40:02.762+02:00  INFO 19920 --- [main] o.s.b.d.r.RestartApplicationListener     : Restart disabled due to context in which it is running
2026-05-04T11:40:02.822+02:00  INFO 19920 --- [main] c.s.a.c.FirestationControllerTest        : Starting FirestationControllerTest using Java 17.0.18 with PID 19920 (started by rebek in c:\Users\rebek\SafetyNet\SafetyNet.alerts)
2026-05-04T11:40:02.823+02:00  INFO 19920 --- [main] c.s.a.c.FirestationControllerTest        : No active profile set, falling back to 1 default profile: "default"
2026-05-04T11:40:03.172+02:00  INFO 19920 --- [main] o.s.b.t.m.w.SpringBootMockServletContext : Initializing Spring TestDispatcherServlet ''
2026-05-04T11:40:03.173+02:00  INFO 19920 --- [main] o.s.t.web.servlet.TestDispatcherServlet  : Initializing Servlet ''
2026-05-04T11:40:03.174+02:00  INFO 19920 --- [main] o.s.t.web.servlet.TestDispatcherServlet  : Completed initialization in 1 ms
2026-05-04T11:40:03.183+02:00  INFO 19920 --- [main] c.s.a.c.FirestationControllerTest        : Started FirestationControllerTest in 0.421 seconds (process running for 7.173)
2026-05-04T11:40:03.241+02:00  INFO 19920 --- [main] t.c.s.AnnotationConfigContextLoaderUtils : Could not detect default configuration classes for test class [com.safetynet.alerts.SafetynetAlertsApplicationTests]: SafetynetAlertsApplicationTests does not declare any static, non-private, non-final, nested classes annotated with @Configuration.
2026-05-04T11:40:03.253+02:00  INFO 19920 --- [main] .b.t.c.SpringBootTestContextBootstrapper : Found @SpringBootConfiguration com.safetynet.alerts.SafetynetAlertsApplication for test class com.safetynet.alerts.SafetynetAlertsApplicationTests
2026-05-04T11:40:03.264+02:00  INFO 19920 --- [main] o.s.b.d.r.RestartApplicationListener     : Restart disabled due to context in which it is running
2026-05-04T11:40:03.292+02:00  INFO 19920 --- [main] c.s.a.SafetynetAlertsApplicationTests    : Starting SafetynetAlertsApplicationTests using Java 17.0.18 with PID 19920 (started by rebek in c:\Users\rebek\SafetyNet\SafetyNet.alerts)
2026-05-04T11:40:03.292+02:00  INFO 19920 --- [main] c.s.a.SafetynetAlertsApplicationTests    : No active profile set, falling back to 1 default profile: "default"
2026-05-04T11:40:03.772+02:00  INFO 19920 --- [main] c.s.alerts.repository.DataLoader         : Data loaded successfully
2026-05-04T11:40:03.773+02:00  INFO 19920 --- [main] c.s.alerts.repository.DataLoader         : Persons: 23
2026-05-04T11:40:03.775+02:00  INFO 19920 --- [main] c.s.alerts.repository.DataLoader         : Firestations: 13
2026-05-04T11:40:03.775+02:00  INFO 19920 --- [main] c.s.alerts.repository.DataLoader         : Medical records: 23
2026-05-04T11:40:04.022+02:00  INFO 19920 --- [main] c.s.a.SafetynetAlertsApplicationTests    : Started SafetynetAlertsApplicationTests in 0.759 seconds (process running for 8.012)
2026-05-04T11:40:04.222+02:00  INFO 19920 --- [main] c.safetynet.alerts.service.FireService   : Fetching residents for address: 1509 Culver St
2026-05-04T11:40:04.225+02:00  INFO 19920 --- [main] c.safetynet.alerts.service.FireService   : Found 1 resident(s) for address 1509 Culver St covered by station 3
2026-05-04T11:40:04.230+02:00  INFO 19920 --- [main] c.safetynet.alerts.service.FireService   : Fetching residents for address: 1509 Culver St
2026-05-04T11:40:04.230+02:00  INFO 19920 --- [main] c.safetynet.alerts.service.FireService   : Found 1 resident(s) for address 1509 Culver St covered by station 3
2026-05-04T11:40:04.233+02:00  INFO 19920 --- [main] c.safetynet.alerts.service.FireService   : Fetching residents for address: 1509 Culver St
2026-05-04T11:40:04.233+02:00  INFO 19920 --- [main] c.safetynet.alerts.service.FireService   : Found 0 resident(s) for address 1509 Culver St covered by station 0
2026-05-04T11:40:04.360+02:00  INFO 19920 --- [main] c.s.alerts.service.PersonCrudService     : Deleting person: Jane Doe
2026-05-04T11:40:04.363+02:00  INFO 19920 --- [main] c.s.alerts.service.PersonCrudService     : Person deleted successfully: Jane Doe
2026-05-04T11:40:04.367+02:00  INFO 19920 --- [main] c.s.alerts.service.PersonCrudService     : Updating person: Jane Doe
2026-05-04T11:40:04.368+02:00  WARN 19920 --- [main] c.s.alerts.service.PersonCrudService     : Person not found for update: Jane Doe
2026-05-04T11:40:04.372+02:00  INFO 19920 --- [main] c.s.alerts.service.PersonCrudService     : Adding person: Jane Doe
2026-05-04T11:40:04.377+02:00  INFO 19920 --- [main] c.s.alerts.service.PersonCrudService     : Updating person: John Doe
2026-05-04T11:40:04.377+02:00  INFO 19920 --- [main] c.s.alerts.service.PersonCrudService     : Person updated successfully: John Doe
2026-05-04T11:40:04.379+02:00  INFO 19920 --- [main] c.s.alerts.service.PersonCrudService     : Deleting person: Jane Doe
2026-05-04T11:40:04.380+02:00  WARN 19920 --- [main] c.s.alerts.service.PersonCrudService     : Person not found for deletion: Jane Doe
2026-05-04T11:40:10.722+02:00  INFO 19276 --- [main] c.s.a.c.CommunityEmailControllerTest     : Starting CommunityEmailControllerTest using Java 17.0.18 with PID 19276 (started by rebek in c:\Users\rebek\SafetyNet\SafetyNet.alerts)
2026-05-04T11:40:10.725+02:00  INFO 19276 --- [main] c.s.a.c.CommunityEmailControllerTest     : No active profile set, falling back to 1 default profile: "default"
2026-05-04T11:40:13.487+02:00  INFO 19276 --- [main] o.s.b.t.m.w.SpringBootMockServletContext : Initializing Spring TestDispatcherServlet ''
2026-05-04T11:40:13.487+02:00  INFO 19276 --- [main] o.s.t.web.servlet.TestDispatcherServlet  : Initializing Servlet ''
2026-05-04T11:40:13.489+02:00  INFO 19276 --- [main] o.s.t.web.servlet.TestDispatcherServlet  : Completed initialization in 1 ms
2026-05-04T11:40:13.545+02:00  INFO 19276 --- [main] c.s.a.c.CommunityEmailControllerTest     : Started CommunityEmailControllerTest in 3.591 seconds (process running for 5.358)
2026-05-04T11:40:14.051+02:00  INFO 19276 --- [main] t.c.s.AnnotationConfigContextLoaderUtils : Could not detect default configuration classes for test class [com.safetynet.alerts.controller.FirestationControllerTest]: FirestationControllerTest does not declare any static, non-private, non-final, nested classes annotated with @Configuration.
2026-05-04T11:40:14.082+02:00  INFO 19276 --- [main] .b.t.c.SpringBootTestContextBootstrapper : Found @SpringBootConfiguration com.safetynet.alerts.SafetynetAlertsApplication for test class com.safetynet.alerts.controller.FirestationControllerTest
2026-05-04T11:40:14.089+02:00  INFO 19276 --- [main] o.s.b.d.r.RestartApplicationListener     : Restart disabled due to context in which it is running
2026-05-04T11:40:14.128+02:00  INFO 19276 --- [main] c.s.a.c.FirestationControllerTest        : Starting FirestationControllerTest using Java 17.0.18 with PID 19276 (started by rebek in c:\Users\rebek\SafetyNet\SafetyNet.alerts)
2026-05-04T11:40:14.128+02:00  INFO 19276 --- [main] c.s.a.c.FirestationControllerTest        : No active profile set, falling back to 1 default profile: "default"
2026-05-04T11:40:14.397+02:00  INFO 19276 --- [main] o.s.b.t.m.w.SpringBootMockServletContext : Initializing Spring TestDispatcherServlet ''
2026-05-04T11:40:14.397+02:00  INFO 19276 --- [main] o.s.t.web.servlet.TestDispatcherServlet  : Initializing Servlet ''
2026-05-04T11:40:14.398+02:00  INFO 19276 --- [main] o.s.t.web.servlet.TestDispatcherServlet  : Completed initialization in 0 ms
2026-05-04T11:40:14.406+02:00  INFO 19276 --- [main] c.s.a.c.FirestationControllerTest        : Started FirestationControllerTest in 0.318 seconds (process running for 6.22)
2026-05-04T11:40:14.462+02:00  INFO 19276 --- [main] t.c.s.AnnotationConfigContextLoaderUtils : Could not detect default configuration classes for test class [com.safetynet.alerts.SafetynetAlertsApplicationTests]: SafetynetAlertsApplicationTests does not declare any static, non-private, non-final, nested classes annotated with @Configuration.
2026-05-04T11:40:14.471+02:00  INFO 19276 --- [main] .b.t.c.SpringBootTestContextBootstrapper : Found @SpringBootConfiguration com.safetynet.alerts.SafetynetAlertsApplication for test class com.safetynet.alerts.SafetynetAlertsApplicationTests
2026-05-04T11:40:14.480+02:00  INFO 19276 --- [main] o.s.b.d.r.RestartApplicationListener     : Restart disabled due to context in which it is running
2026-05-04T11:40:14.507+02:00  INFO 19276 --- [main] c.s.a.SafetynetAlertsApplicationTests    : Starting SafetynetAlertsApplicationTests using Java 17.0.18 with PID 19276 (started by rebek in c:\Users\rebek\SafetyNet\SafetyNet.alerts)
2026-05-04T11:40:14.508+02:00  INFO 19276 --- [main] c.s.a.SafetynetAlertsApplicationTests    : No active profile set, falling back to 1 default profile: "default"
2026-05-04T11:40:14.937+02:00  INFO 19276 --- [main] c.s.alerts.repository.DataLoader         : Data loaded successfully
2026-05-04T11:40:14.937+02:00  INFO 19276 --- [main] c.s.alerts.repository.DataLoader         : Persons: 23
2026-05-04T11:40:14.939+02:00  INFO 19276 --- [main] c.s.alerts.repository.DataLoader         : Firestations: 13
2026-05-04T11:40:14.940+02:00  INFO 19276 --- [main] c.s.alerts.repository.DataLoader         : Medical records: 23
2026-05-04T11:40:15.190+02:00  INFO 19276 --- [main] c.s.a.SafetynetAlertsApplicationTests    : Started SafetynetAlertsApplicationTests in 0.709 seconds (process running for 7.003)
2026-05-04T11:40:15.399+02:00  INFO 19276 --- [main] c.safetynet.alerts.service.FireService   : Fetching residents for address: 1509 Culver St
2026-05-04T11:40:15.404+02:00  INFO 19276 --- [main] c.safetynet.alerts.service.FireService   : Found 1 resident(s) for address 1509 Culver St covered by station 3
2026-05-04T11:40:15.413+02:00  INFO 19276 --- [main] c.safetynet.alerts.service.FireService   : Fetching residents for address: 1509 Culver St
2026-05-04T11:40:15.416+02:00  INFO 19276 --- [main] c.safetynet.alerts.service.FireService   : Found 1 resident(s) for address 1509 Culver St covered by station 3
2026-05-04T11:40:15.423+02:00  INFO 19276 --- [main] c.safetynet.alerts.service.FireService   : Fetching residents for address: 1509 Culver St
2026-05-04T11:40:15.425+02:00  INFO 19276 --- [main] c.safetynet.alerts.service.FireService   : Found 0 resident(s) for address 1509 Culver St covered by station 0
2026-05-04T11:40:15.516+02:00  INFO 19276 --- [main] c.s.alerts.service.PersonCrudService     : Deleting person: Jane Doe
2026-05-04T11:40:15.517+02:00  INFO 19276 --- [main] c.s.alerts.service.PersonCrudService     : Person deleted successfully: Jane Doe
2026-05-04T11:40:15.523+02:00  INFO 19276 --- [main] c.s.alerts.service.PersonCrudService     : Updating person: Jane Doe
2026-05-04T11:40:15.524+02:00  WARN 19276 --- [main] c.s.alerts.service.PersonCrudService     : Person not found for update: Jane Doe
2026-05-04T11:40:15.527+02:00  INFO 19276 --- [main] c.s.alerts.service.PersonCrudService     : Adding person: Jane Doe
2026-05-04T11:40:15.531+02:00  INFO 19276 --- [main] c.s.alerts.service.PersonCrudService     : Updating person: John Doe
2026-05-04T11:40:15.532+02:00  INFO 19276 --- [main] c.s.alerts.service.PersonCrudService     : Person updated successfully: John Doe
2026-05-04T11:40:15.536+02:00  INFO 19276 --- [main] c.s.alerts.service.PersonCrudService     : Deleting person: Jane Doe
2026-05-04T11:40:15.537+02:00  WARN 19276 --- [main] c.s.alerts.service.PersonCrudService     : Person not found for deletion: Jane Doe
2026-05-04T11:43:01.200+02:00  INFO 12104 --- [main] c.s.a.c.CommunityEmailControllerTest     : Starting CommunityEmailControllerTest using Java 17.0.18 with PID 12104 (started by rebek in c:\Users\rebek\SafetyNet\SafetyNet.alerts)
2026-05-04T11:43:01.203+02:00  INFO 12104 --- [main] c.s.a.c.CommunityEmailControllerTest     : No active profile set, falling back to 1 default profile: "default"
2026-05-04T11:43:04.090+02:00  INFO 12104 --- [main] o.s.b.t.m.w.SpringBootMockServletContext : Initializing Spring TestDispatcherServlet ''
2026-05-04T11:43:04.091+02:00  INFO 12104 --- [main] o.s.t.web.servlet.TestDispatcherServlet  : Initializing Servlet ''
2026-05-04T11:43:04.094+02:00  INFO 12104 --- [main] o.s.t.web.servlet.TestDispatcherServlet  : Completed initialization in 2 ms
2026-05-04T11:43:04.143+02:00  INFO 12104 --- [main] c.s.a.c.CommunityEmailControllerTest     : Started CommunityEmailControllerTest in 3.79 seconds (process running for 6.525)
2026-05-04T11:43:04.638+02:00  INFO 12104 --- [main] t.c.s.AnnotationConfigContextLoaderUtils : Could not detect default configuration classes for test class [com.safetynet.alerts.controller.FirestationControllerTest]: FirestationControllerTest does not declare any static, non-private, non-final, nested classes annotated with @Configuration.
2026-05-04T11:43:04.669+02:00  INFO 12104 --- [main] .b.t.c.SpringBootTestContextBootstrapper : Found @SpringBootConfiguration com.safetynet.alerts.SafetynetAlertsApplication for test class com.safetynet.alerts.controller.FirestationControllerTest
2026-05-04T11:43:04.683+02:00  INFO 12104 --- [main] o.s.b.d.r.RestartApplicationListener     : Restart disabled due to context in which it is running
2026-05-04T11:43:04.727+02:00  INFO 12104 --- [main] c.s.a.c.FirestationControllerTest        : Starting FirestationControllerTest using Java 17.0.18 with PID 12104 (started by rebek in c:\Users\rebek\SafetyNet\SafetyNet.alerts)
2026-05-04T11:43:04.728+02:00  INFO 12104 --- [main] c.s.a.c.FirestationControllerTest        : No active profile set, falling back to 1 default profile: "default"
2026-05-04T11:43:04.989+02:00  INFO 12104 --- [main] o.s.b.t.m.w.SpringBootMockServletContext : Initializing Spring TestDispatcherServlet ''
2026-05-04T11:43:04.989+02:00  INFO 12104 --- [main] o.s.t.web.servlet.TestDispatcherServlet  : Initializing Servlet ''
2026-05-04T11:43:04.990+02:00  INFO 12104 --- [main] o.s.t.web.servlet.TestDispatcherServlet  : Completed initialization in 1 ms
2026-05-04T11:43:04.997+02:00  INFO 12104 --- [main] c.s.a.c.FirestationControllerTest        : Started FirestationControllerTest in 0.315 seconds (process running for 7.378)
2026-05-04T11:43:05.051+02:00  INFO 12104 --- [main] t.c.s.AnnotationConfigContextLoaderUtils : Could not detect default configuration classes for test class [com.safetynet.alerts.SafetynetAlertsApplicationTests]: SafetynetAlertsApplicationTests does not declare any static, non-private, non-final, nested classes annotated with @Configuration.
2026-05-04T11:43:05.061+02:00  INFO 12104 --- [main] .b.t.c.SpringBootTestContextBootstrapper : Found @SpringBootConfiguration com.safetynet.alerts.SafetynetAlertsApplication for test class com.safetynet.alerts.SafetynetAlertsApplicationTests
2026-05-04T11:43:05.070+02:00  INFO 12104 --- [main] o.s.b.d.r.RestartApplicationListener     : Restart disabled due to context in which it is running
2026-05-04T11:43:05.106+02:00  INFO 12104 --- [main] c.s.a.SafetynetAlertsApplicationTests    : Starting SafetynetAlertsApplicationTests using Java 17.0.18 with PID 12104 (started by rebek in c:\Users\rebek\SafetyNet\SafetyNet.alerts)
2026-05-04T11:43:05.106+02:00  INFO 12104 --- [main] c.s.a.SafetynetAlertsApplicationTests    : No active profile set, falling back to 1 default profile: "default"
2026-05-04T11:43:05.512+02:00  INFO 12104 --- [main] c.s.alerts.repository.DataLoader         : Data loaded successfully
2026-05-04T11:43:05.512+02:00  INFO 12104 --- [main] c.s.alerts.repository.DataLoader         : Persons: 23
2026-05-04T11:43:05.514+02:00  INFO 12104 --- [main] c.s.alerts.repository.DataLoader         : Firestations: 13
2026-05-04T11:43:05.515+02:00  INFO 12104 --- [main] c.s.alerts.repository.DataLoader         : Medical records: 23
2026-05-04T11:43:05.727+02:00  INFO 12104 --- [main] c.s.a.SafetynetAlertsApplicationTests    : Started SafetynetAlertsApplicationTests in 0.657 seconds (process running for 8.109)
2026-05-04T11:43:05.922+02:00  INFO 12104 --- [main] c.safetynet.alerts.service.FireService   : Fetching residents for address: 1509 Culver St
2026-05-04T11:43:05.929+02:00  INFO 12104 --- [main] c.safetynet.alerts.service.FireService   : Found 1 resident(s) for address 1509 Culver St covered by station 3
2026-05-04T11:43:05.934+02:00  INFO 12104 --- [main] c.safetynet.alerts.service.FireService   : Fetching residents for address: 1509 Culver St
2026-05-04T11:43:05.935+02:00  INFO 12104 --- [main] c.safetynet.alerts.service.FireService   : Found 1 resident(s) for address 1509 Culver St covered by station 3
2026-05-04T11:43:05.937+02:00  INFO 12104 --- [main] c.safetynet.alerts.service.FireService   : Fetching residents for address: 1509 Culver St
2026-05-04T11:43:05.938+02:00  INFO 12104 --- [main] c.safetynet.alerts.service.FireService   : Found 0 resident(s) for address 1509 Culver St covered by station 0
2026-05-04T11:43:06.029+02:00  INFO 12104 --- [main] c.s.alerts.service.PersonCrudService     : Deleting person: Jane Doe
2026-05-04T11:43:06.030+02:00  INFO 12104 --- [main] c.s.alerts.service.PersonCrudService     : Person deleted successfully: Jane Doe
2026-05-04T11:43:06.034+02:00  INFO 12104 --- [main] c.s.alerts.service.PersonCrudService     : Updating person: Jane Doe
2026-05-04T11:43:06.034+02:00  WARN 12104 --- [main] c.s.alerts.service.PersonCrudService     : Person not found for update: Jane Doe
2026-05-04T11:43:06.040+02:00  INFO 12104 --- [main] c.s.alerts.service.PersonCrudService     : Adding person: Jane Doe
2026-05-04T11:43:06.043+02:00  INFO 12104 --- [main] c.s.alerts.service.PersonCrudService     : Updating person: John Doe
2026-05-04T11:43:06.044+02:00  INFO 12104 --- [main] c.s.alerts.service.PersonCrudService     : Person updated successfully: John Doe
2026-05-04T11:43:06.048+02:00  INFO 12104 --- [main] c.s.alerts.service.PersonCrudService     : Deleting person: Jane Doe
2026-05-04T11:43:06.049+02:00  WARN 12104 --- [main] c.s.alerts.service.PersonCrudService     : Person not found for deletion: Jane Doe
2026-05-04T11:43:15.282+02:00  INFO 20868 --- [main] c.s.a.c.CommunityEmailControllerTest     : Starting CommunityEmailControllerTest using Java 17.0.18 with PID 20868 (started by rebek in c:\Users\rebek\SafetyNet\SafetyNet.alerts)
2026-05-04T11:43:15.286+02:00  INFO 20868 --- [main] c.s.a.c.CommunityEmailControllerTest     : No active profile set, falling back to 1 default profile: "default"
2026-05-04T11:43:17.879+02:00  INFO 20868 --- [main] o.s.b.t.m.w.SpringBootMockServletContext : Initializing Spring TestDispatcherServlet ''
2026-05-04T11:43:17.880+02:00  INFO 20868 --- [main] o.s.t.web.servlet.TestDispatcherServlet  : Initializing Servlet ''
2026-05-04T11:43:17.881+02:00  INFO 20868 --- [main] o.s.t.web.servlet.TestDispatcherServlet  : Completed initialization in 1 ms
2026-05-04T11:43:17.923+02:00  INFO 20868 --- [main] c.s.a.c.CommunityEmailControllerTest     : Started CommunityEmailControllerTest in 3.516 seconds (process running for 5.357)
2026-05-04T11:43:18.369+02:00  INFO 20868 --- [main] t.c.s.AnnotationConfigContextLoaderUtils : Could not detect default configuration classes for test class [com.safetynet.alerts.controller.FirestationControllerTest]: FirestationControllerTest does not declare any static, non-private, non-final, nested classes annotated with @Configuration.
2026-05-04T11:43:18.410+02:00  INFO 20868 --- [main] .b.t.c.SpringBootTestContextBootstrapper : Found @SpringBootConfiguration com.safetynet.alerts.SafetynetAlertsApplication for test class com.safetynet.alerts.controller.FirestationControllerTest
2026-05-04T11:43:18.416+02:00  INFO 20868 --- [main] o.s.b.d.r.RestartApplicationListener     : Restart disabled due to context in which it is running
2026-05-04T11:43:18.457+02:00  INFO 20868 --- [main] c.s.a.c.FirestationControllerTest        : Starting FirestationControllerTest using Java 17.0.18 with PID 20868 (started by rebek in c:\Users\rebek\SafetyNet\SafetyNet.alerts)
2026-05-04T11:43:18.458+02:00  INFO 20868 --- [main] c.s.a.c.FirestationControllerTest        : No active profile set, falling back to 1 default profile: "default"
2026-05-04T11:43:18.709+02:00  INFO 20868 --- [main] o.s.b.t.m.w.SpringBootMockServletContext : Initializing Spring TestDispatcherServlet ''
2026-05-04T11:43:18.709+02:00  INFO 20868 --- [main] o.s.t.web.servlet.TestDispatcherServlet  : Initializing Servlet ''
2026-05-04T11:43:18.710+02:00  INFO 20868 --- [main] o.s.t.web.servlet.TestDispatcherServlet  : Completed initialization in 1 ms
2026-05-04T11:43:18.718+02:00  INFO 20868 --- [main] c.s.a.c.FirestationControllerTest        : Started FirestationControllerTest in 0.302 seconds (process running for 6.151)
2026-05-04T11:43:18.773+02:00  INFO 20868 --- [main] t.c.s.AnnotationConfigContextLoaderUtils : Could not detect default configuration classes for test class [com.safetynet.alerts.SafetynetAlertsApplicationTests]: SafetynetAlertsApplicationTests does not declare any static, non-private, non-final, nested classes annotated with @Configuration.
2026-05-04T11:43:18.781+02:00  INFO 20868 --- [main] .b.t.c.SpringBootTestContextBootstrapper : Found @SpringBootConfiguration com.safetynet.alerts.SafetynetAlertsApplication for test class com.safetynet.alerts.SafetynetAlertsApplicationTests
2026-05-04T11:43:18.791+02:00  INFO 20868 --- [main] o.s.b.d.r.RestartApplicationListener     : Restart disabled due to context in which it is running
2026-05-04T11:43:18.820+02:00  INFO 20868 --- [main] c.s.a.SafetynetAlertsApplicationTests    : Starting SafetynetAlertsApplicationTests using Java 17.0.18 with PID 20868 (started by rebek in c:\Users\rebek\SafetyNet\SafetyNet.alerts)
2026-05-04T11:43:18.820+02:00  INFO 20868 --- [main] c.s.a.SafetynetAlertsApplicationTests    : No active profile set, falling back to 1 default profile: "default"
2026-05-04T11:43:19.225+02:00  INFO 20868 --- [main] c.s.alerts.repository.DataLoader         : Data loaded successfully
2026-05-04T11:43:19.226+02:00  INFO 20868 --- [main] c.s.alerts.repository.DataLoader         : Persons: 23
2026-05-04T11:43:19.228+02:00  INFO 20868 --- [main] c.s.alerts.repository.DataLoader         : Firestations: 13
2026-05-04T11:43:19.228+02:00  INFO 20868 --- [main] c.s.alerts.repository.DataLoader         : Medical records: 23
2026-05-04T11:43:19.467+02:00  INFO 20868 --- [main] c.s.a.SafetynetAlertsApplicationTests    : Started SafetynetAlertsApplicationTests in 0.676 seconds (process running for 6.901)
2026-05-04T11:43:19.655+02:00  INFO 20868 --- [main] c.safetynet.alerts.service.FireService   : Fetching residents for address: 1509 Culver St
2026-05-04T11:43:19.662+02:00  INFO 20868 --- [main] c.safetynet.alerts.service.FireService   : Found 1 resident(s) for address 1509 Culver St covered by station 3
2026-05-04T11:43:19.666+02:00  INFO 20868 --- [main] c.safetynet.alerts.service.FireService   : Fetching residents for address: 1509 Culver St
2026-05-04T11:43:19.667+02:00  INFO 20868 --- [main] c.safetynet.alerts.service.FireService   : Found 1 resident(s) for address 1509 Culver St covered by station 3
2026-05-04T11:43:19.670+02:00  INFO 20868 --- [main] c.safetynet.alerts.service.FireService   : Fetching residents for address: 1509 Culver St
2026-05-04T11:43:19.670+02:00  INFO 20868 --- [main] c.safetynet.alerts.service.FireService   : Found 0 resident(s) for address 1509 Culver St covered by station 0
2026-05-04T11:43:19.779+02:00  INFO 20868 --- [main] c.s.alerts.service.PersonCrudService     : Deleting person: Jane Doe
2026-05-04T11:43:19.783+02:00  INFO 20868 --- [main] c.s.alerts.service.PersonCrudService     : Person deleted successfully: Jane Doe
2026-05-04T11:43:19.787+02:00  INFO 20868 --- [main] c.s.alerts.service.PersonCrudService     : Updating person: Jane Doe
2026-05-04T11:43:19.787+02:00  WARN 20868 --- [main] c.s.alerts.service.PersonCrudService     : Person not found for update: Jane Doe
2026-05-04T11:43:19.791+02:00  INFO 20868 --- [main] c.s.alerts.service.PersonCrudService     : Adding person: Jane Doe
2026-05-04T11:43:19.794+02:00  INFO 20868 --- [main] c.s.alerts.service.PersonCrudService     : Updating person: John Doe
2026-05-04T11:43:19.795+02:00  INFO 20868 --- [main] c.s.alerts.service.PersonCrudService     : Person updated successfully: John Doe
2026-05-04T11:43:19.798+02:00  INFO 20868 --- [main] c.s.alerts.service.PersonCrudService     : Deleting person: Jane Doe
2026-05-04T11:43:19.799+02:00  WARN 20868 --- [main] c.s.alerts.service.PersonCrudService     : Person not found for deletion: Jane Doe
2026-05-04T11:49:13.212+02:00  INFO 15672 --- [main] c.s.a.c.CommunityEmailControllerTest     : Starting CommunityEmailControllerTest using Java 17.0.18 with PID 15672 (started by rebek in c:\Users\rebek\SafetyNet\SafetyNet.alerts)
2026-05-04T11:49:13.215+02:00  INFO 15672 --- [main] c.s.a.c.CommunityEmailControllerTest     : No active profile set, falling back to 1 default profile: "default"
2026-05-04T11:49:16.137+02:00  INFO 15672 --- [main] o.s.b.t.m.w.SpringBootMockServletContext : Initializing Spring TestDispatcherServlet ''
2026-05-04T11:49:16.138+02:00  INFO 15672 --- [main] o.s.t.web.servlet.TestDispatcherServlet  : Initializing Servlet ''
2026-05-04T11:49:16.140+02:00  INFO 15672 --- [main] o.s.t.web.servlet.TestDispatcherServlet  : Completed initialization in 2 ms
2026-05-04T11:49:16.196+02:00  INFO 15672 --- [main] c.s.a.c.CommunityEmailControllerTest     : Started CommunityEmailControllerTest in 3.799 seconds (process running for 6.182)
2026-05-04T11:49:16.732+02:00  INFO 15672 --- [main] t.c.s.AnnotationConfigContextLoaderUtils : Could not detect default configuration classes for test class [com.safetynet.alerts.controller.FirestationControllerTest]: FirestationControllerTest does not declare any static, non-private, non-final, nested classes annotated with @Configuration.
2026-05-04T11:49:16.748+02:00  INFO 15672 --- [main] .b.t.c.SpringBootTestContextBootstrapper : Found @SpringBootConfiguration com.safetynet.alerts.SafetynetAlertsApplication for test class com.safetynet.alerts.controller.FirestationControllerTest
2026-05-04T11:49:16.755+02:00  INFO 15672 --- [main] o.s.b.d.r.RestartApplicationListener     : Restart disabled due to context in which it is running
2026-05-04T11:49:16.814+02:00  INFO 15672 --- [main] c.s.a.c.FirestationControllerTest        : Starting FirestationControllerTest using Java 17.0.18 with PID 15672 (started by rebek in c:\Users\rebek\SafetyNet\SafetyNet.alerts)
2026-05-04T11:49:16.815+02:00  INFO 15672 --- [main] c.s.a.c.FirestationControllerTest        : No active profile set, falling back to 1 default profile: "default"
2026-05-04T11:49:17.110+02:00  INFO 15672 --- [main] o.s.b.t.m.w.SpringBootMockServletContext : Initializing Spring TestDispatcherServlet ''
2026-05-04T11:49:17.111+02:00  INFO 15672 --- [main] o.s.t.web.servlet.TestDispatcherServlet  : Initializing Servlet ''
2026-05-04T11:49:17.112+02:00  INFO 15672 --- [main] o.s.t.web.servlet.TestDispatcherServlet  : Completed initialization in 1 ms
2026-05-04T11:49:17.119+02:00  INFO 15672 --- [main] c.s.a.c.FirestationControllerTest        : Started FirestationControllerTest in 0.365 seconds (process running for 7.105)
2026-05-04T11:49:17.184+02:00  INFO 15672 --- [main] t.c.s.AnnotationConfigContextLoaderUtils : Could not detect default configuration classes for test class [com.safetynet.alerts.SafetynetAlertsApplicationTests]: SafetynetAlertsApplicationTests does not declare any static, non-private, non-final, nested classes annotated with @Configuration.
2026-05-04T11:49:17.198+02:00  INFO 15672 --- [main] .b.t.c.SpringBootTestContextBootstrapper : Found @SpringBootConfiguration com.safetynet.alerts.SafetynetAlertsApplication for test class com.safetynet.alerts.SafetynetAlertsApplicationTests
2026-05-04T11:49:17.209+02:00  INFO 15672 --- [main] o.s.b.d.r.RestartApplicationListener     : Restart disabled due to context in which it is running
2026-05-04T11:49:17.243+02:00  INFO 15672 --- [main] c.s.a.SafetynetAlertsApplicationTests    : Starting SafetynetAlertsApplicationTests using Java 17.0.18 with PID 15672 (started by rebek in c:\Users\rebek\SafetyNet\SafetyNet.alerts)
2026-05-04T11:49:17.244+02:00  INFO 15672 --- [main] c.s.a.SafetynetAlertsApplicationTests    : No active profile set, falling back to 1 default profile: "default"
2026-05-04T11:49:17.778+02:00  INFO 15672 --- [main] c.s.alerts.repository.DataLoader         : Data loaded successfully
2026-05-04T11:49:17.778+02:00  INFO 15672 --- [main] c.s.alerts.repository.DataLoader         : Persons: 23
2026-05-04T11:49:17.781+02:00  INFO 15672 --- [main] c.s.alerts.repository.DataLoader         : Firestations: 13
2026-05-04T11:49:17.782+02:00  INFO 15672 --- [main] c.s.alerts.repository.DataLoader         : Medical records: 23
2026-05-04T11:49:18.037+02:00  INFO 15672 --- [main] c.s.a.SafetynetAlertsApplicationTests    : Started SafetynetAlertsApplicationTests in 0.829 seconds (process running for 8.022)
2026-05-04T11:49:18.248+02:00  INFO 15672 --- [main] c.safetynet.alerts.service.FireService   : Fetching residents for address: 1509 Culver St
2026-05-04T11:49:18.251+02:00  INFO 15672 --- [main] c.safetynet.alerts.service.FireService   : Found 1 resident(s) for address 1509 Culver St covered by station 3
2026-05-04T11:49:18.254+02:00  INFO 15672 --- [main] c.safetynet.alerts.service.FireService   : Fetching residents for address: 1509 Culver St
2026-05-04T11:49:18.256+02:00  INFO 15672 --- [main] c.safetynet.alerts.service.FireService   : Found 1 resident(s) for address 1509 Culver St covered by station 3
2026-05-04T11:49:18.259+02:00  INFO 15672 --- [main] c.safetynet.alerts.service.FireService   : Fetching residents for address: 1509 Culver St
2026-05-04T11:49:18.260+02:00  INFO 15672 --- [main] c.safetynet.alerts.service.FireService   : Found 0 resident(s) for address 1509 Culver St covered by station 0
2026-05-04T11:49:18.377+02:00  INFO 15672 --- [main] c.s.alerts.service.PersonCrudService     : Deleting person: Jane Doe
2026-05-04T11:49:18.379+02:00  INFO 15672 --- [main] c.s.alerts.service.PersonCrudService     : Person deleted successfully: Jane Doe
2026-05-04T11:49:18.386+02:00  INFO 15672 --- [main] c.s.alerts.service.PersonCrudService     : Updating person: Jane Doe
2026-05-04T11:49:18.386+02:00  WARN 15672 --- [main] c.s.alerts.service.PersonCrudService     : Person not found for update: Jane Doe
2026-05-04T11:49:18.389+02:00  INFO 15672 --- [main] c.s.alerts.service.PersonCrudService     : Adding person: Jane Doe
2026-05-04T11:49:18.393+02:00  INFO 15672 --- [main] c.s.alerts.service.PersonCrudService     : Updating person: John Doe
2026-05-04T11:49:18.394+02:00  INFO 15672 --- [main] c.s.alerts.service.PersonCrudService     : Person updated successfully: John Doe
2026-05-04T11:49:18.400+02:00  INFO 15672 --- [main] c.s.alerts.service.PersonCrudService     : Deleting person: Jane Doe
2026-05-04T11:49:18.401+02:00  WARN 15672 --- [main] c.s.alerts.service.PersonCrudService     : Person not found for deletion: Jane Doe
2026-05-04T12:01:57.470+02:00  INFO 21712 --- [main] c.s.a.c.CommunityEmailControllerTest     : Starting CommunityEmailControllerTest using Java 17.0.18 with PID 21712 (started by rebek in c:\Users\rebek\SafetyNet\SafetyNet.alerts)
2026-05-04T12:01:57.473+02:00  INFO 21712 --- [main] c.s.a.c.CommunityEmailControllerTest     : No active profile set, falling back to 1 default profile: "default"
2026-05-04T12:02:00.254+02:00  INFO 21712 --- [main] o.s.b.t.m.w.SpringBootMockServletContext : Initializing Spring TestDispatcherServlet ''
2026-05-04T12:02:00.255+02:00  INFO 21712 --- [main] o.s.t.web.servlet.TestDispatcherServlet  : Initializing Servlet ''
2026-05-04T12:02:00.257+02:00  INFO 21712 --- [main] o.s.t.web.servlet.TestDispatcherServlet  : Completed initialization in 1 ms
2026-05-04T12:02:00.319+02:00  INFO 21712 --- [main] c.s.a.c.CommunityEmailControllerTest     : Started CommunityEmailControllerTest in 3.693 seconds (process running for 5.958)
2026-05-04T12:02:00.818+02:00  INFO 21712 --- [main] t.c.s.AnnotationConfigContextLoaderUtils : Could not detect default configuration classes for test class [com.safetynet.alerts.controller.FirestationControllerTest]: FirestationControllerTest does not declare any static, non-private, non-final, nested classes annotated with @Configuration.
2026-05-04T12:02:00.861+02:00  INFO 21712 --- [main] .b.t.c.SpringBootTestContextBootstrapper : Found @SpringBootConfiguration com.safetynet.alerts.SafetynetAlertsApplication for test class com.safetynet.alerts.controller.FirestationControllerTest
2026-05-04T12:02:00.868+02:00  INFO 21712 --- [main] o.s.b.d.r.RestartApplicationListener     : Restart disabled due to context in which it is running
2026-05-04T12:02:00.907+02:00  INFO 21712 --- [main] c.s.a.c.FirestationControllerTest        : Starting FirestationControllerTest using Java 17.0.18 with PID 21712 (started by rebek in c:\Users\rebek\SafetyNet\SafetyNet.alerts)
2026-05-04T12:02:00.907+02:00  INFO 21712 --- [main] c.s.a.c.FirestationControllerTest        : No active profile set, falling back to 1 default profile: "default"
2026-05-04T12:02:01.199+02:00  INFO 21712 --- [main] o.s.b.t.m.w.SpringBootMockServletContext : Initializing Spring TestDispatcherServlet ''
2026-05-04T12:02:01.199+02:00  INFO 21712 --- [main] o.s.t.web.servlet.TestDispatcherServlet  : Initializing Servlet ''
2026-05-04T12:02:01.200+02:00  INFO 21712 --- [main] o.s.t.web.servlet.TestDispatcherServlet  : Completed initialization in 1 ms
2026-05-04T12:02:01.207+02:00  INFO 21712 --- [main] c.s.a.c.FirestationControllerTest        : Started FirestationControllerTest in 0.34 seconds (process running for 6.846)
2026-05-04T12:02:01.268+02:00  INFO 21712 --- [main] t.c.s.AnnotationConfigContextLoaderUtils : Could not detect default configuration classes for test class [com.safetynet.alerts.SafetynetAlertsApplicationTests]: SafetynetAlertsApplicationTests does not declare any static, non-private, non-final, nested classes annotated with @Configuration.
2026-05-04T12:02:01.280+02:00  INFO 21712 --- [main] .b.t.c.SpringBootTestContextBootstrapper : Found @SpringBootConfiguration com.safetynet.alerts.SafetynetAlertsApplication for test class com.safetynet.alerts.SafetynetAlertsApplicationTests
2026-05-04T12:02:01.294+02:00  INFO 21712 --- [main] o.s.b.d.r.RestartApplicationListener     : Restart disabled due to context in which it is running
2026-05-04T12:02:01.320+02:00  INFO 21712 --- [main] c.s.a.SafetynetAlertsApplicationTests    : Starting SafetynetAlertsApplicationTests using Java 17.0.18 with PID 21712 (started by rebek in c:\Users\rebek\SafetyNet\SafetyNet.alerts)
2026-05-04T12:02:01.321+02:00  INFO 21712 --- [main] c.s.a.SafetynetAlertsApplicationTests    : No active profile set, falling back to 1 default profile: "default"
2026-05-04T12:02:01.738+02:00  INFO 21712 --- [main] c.s.alerts.repository.DataLoader         : Data loaded successfully
2026-05-04T12:02:01.738+02:00  INFO 21712 --- [main] c.s.alerts.repository.DataLoader         : Persons: 23
2026-05-04T12:02:01.740+02:00  INFO 21712 --- [main] c.s.alerts.repository.DataLoader         : Firestations: 13
2026-05-04T12:02:01.741+02:00  INFO 21712 --- [main] c.s.alerts.repository.DataLoader         : Medical records: 23
2026-05-04T12:02:02.018+02:00  INFO 21712 --- [main] c.s.a.SafetynetAlertsApplicationTests    : Started SafetynetAlertsApplicationTests in 0.725 seconds (process running for 7.657)
2026-05-04T12:02:02.232+02:00  INFO 21712 --- [main] c.safetynet.alerts.service.FireService   : Fetching residents for address: 1509 Culver St
2026-05-04T12:02:02.236+02:00  INFO 21712 --- [main] c.safetynet.alerts.service.FireService   : Found 1 resident(s) for address 1509 Culver St covered by station 3
2026-05-04T12:02:02.242+02:00  INFO 21712 --- [main] c.safetynet.alerts.service.FireService   : Fetching residents for address: 1509 Culver St
2026-05-04T12:02:02.243+02:00  INFO 21712 --- [main] c.safetynet.alerts.service.FireService   : Found 1 resident(s) for address 1509 Culver St covered by station 3
2026-05-04T12:02:02.248+02:00  INFO 21712 --- [main] c.safetynet.alerts.service.FireService   : Fetching residents for address: 1509 Culver St
2026-05-04T12:02:02.248+02:00  INFO 21712 --- [main] c.safetynet.alerts.service.FireService   : Found 0 resident(s) for address 1509 Culver St covered by station 0
2026-05-04T12:02:02.352+02:00  INFO 21712 --- [main] c.s.alerts.service.PersonCrudService     : Deleting person: Jane Doe
2026-05-04T12:02:02.354+02:00  INFO 21712 --- [main] c.s.alerts.service.PersonCrudService     : Person deleted successfully: Jane Doe
2026-05-04T12:02:02.362+02:00  INFO 21712 --- [main] c.s.alerts.service.PersonCrudService     : Updating person: Jane Doe
2026-05-04T12:02:02.362+02:00  WARN 21712 --- [main] c.s.alerts.service.PersonCrudService     : Person not found for update: Jane Doe
2026-05-04T12:02:02.366+02:00  INFO 21712 --- [main] c.s.alerts.service.PersonCrudService     : Adding person: Jane Doe
2026-05-04T12:02:02.370+02:00  INFO 21712 --- [main] c.s.alerts.service.PersonCrudService     : Updating person: John Doe
2026-05-04T12:02:02.371+02:00  INFO 21712 --- [main] c.s.alerts.service.PersonCrudService     : Person updated successfully: John Doe
2026-05-04T12:02:02.376+02:00  INFO 21712 --- [main] c.s.alerts.service.PersonCrudService     : Deleting person: Jane Doe
2026-05-04T12:02:02.377+02:00  WARN 21712 --- [main] c.s.alerts.service.PersonCrudService     : Person not found for deletion: Jane Doe
